Performing C++ SOURCE FILE Test CMAKE_HAVE_LIBC_PTHREAD failed with the following output:
Change Dir: D:/WORK/build-CADBuilder-Desktop_Qt_5_12_9_MSVC2017_64bit-Release/CMakeFiles/CMakeTmp

Run Build Command(s):E:/Program Files/Microsoft Visual Studio/2022/Community/Common7/IDE/CommonExtensions/Microsoft/CMake/Ninja/ninja.exe cmTC_cad66 && [1/2] Building CXX object CMakeFiles\cmTC_cad66.dir\src.cxx.obj
FAILED: CMakeFiles/cmTC_cad66.dir/src.cxx.obj 
"E:\Program Files\Microsoft Visual Studio\2022\Community\VC\Tools\MSVC\14.38.33130\bin\HostX64\x64\cl.exe"  /nologo /TP -DCMAKE_HAVE_LIBC_PTHREAD  /DWIN32 /D_WINDOWS /W3 /GR /EHsc  /MDd /Zi /Ob0 /Od /RTC1 -std:c++17 /showIncludes /FoCMakeFiles\cmTC_cad66.dir\src.cxx.obj /FdCMakeFiles\cmTC_cad66.dir\ /FS -c D:\WORK\build-CADBuilder-Desktop_Qt_5_12_9_MSVC2017_64bit-Release\CMakeFiles\CMakeTmp\src.cxx
D:\WORK\build-CADBuilder-Desktop_Qt_5_12_9_MSVC2017_64bit-Release\CMakeFiles\CMakeTmp\src.cxx(1): fatal error C1083: 无法打开包括文件: “pthread.h”: No such file or directory
ninja: build stopped: subcommand failed.


Source file was:
#include <pthread.h>

static void* test_func(void* data)
{
  return data;
}

int main(void)
{
  pthread_t thread;
  pthread_create(&thread, NULL, test_func, NULL);
  pthread_detach(thread);
  pthread_cancel(thread);
  pthread_join(thread, NULL);
  pthread_atfork(NULL, NULL, NULL);
  pthread_exit(NULL);

  return 0;
}

Determining if the function pthread_create exists in the pthreads failed with the following output:
Change Dir: D:/WORK/build-CADBuilder-Desktop_Qt_5_12_9_MSVC2017_64bit-Release/CMakeFiles/CMakeTmp

Run Build Command(s):E:/Program Files/Microsoft Visual Studio/2022/Community/Common7/IDE/CommonExtensions/Microsoft/CMake/Ninja/ninja.exe cmTC_1acfe && [1/2] Building CXX object CMakeFiles\cmTC_1acfe.dir\CheckFunctionExists.cxx.obj
[2/2] Linking CXX executable cmTC_1acfe.exe
FAILED: cmTC_1acfe.exe 
cmd.exe /C "cd . && E:\QT\Tools\CMake_64\bin\cmake.exe -E vs_link_exe --intdir=CMakeFiles\cmTC_1acfe.dir --rc=C:\PROGRA~2\WI3CF2~1\10\bin\100226~1.0\x64\rc.exe --mt=C:\PROGRA~2\WI3CF2~1\10\bin\100226~1.0\x64\mt.exe --manifests  -- "E:\Program Files\Microsoft Visual Studio\2022\Community\VC\Tools\MSVC\14.38.33130\bin\Hostx64\x64\link.exe" /nologo CMakeFiles\cmTC_1acfe.dir\CheckFunctionExists.cxx.obj  /out:cmTC_1acfe.exe /implib:cmTC_1acfe.lib /pdb:cmTC_1acfe.pdb /version:0.0 /machine:x64  /debug /INCREMENTAL /subsystem:console  pthreads.lib  kernel32.lib user32.lib gdi32.lib winspool.lib shell32.lib ole32.lib oleaut32.lib uuid.lib comdlg32.lib advapi32.lib && cd ."
LINK Pass 1: command "E:\Program Files\Microsoft Visual Studio\2022\Community\VC\Tools\MSVC\14.38.33130\bin\Hostx64\x64\link.exe /nologo CMakeFiles\cmTC_1acfe.dir\CheckFunctionExists.cxx.obj /out:cmTC_1acfe.exe /implib:cmTC_1acfe.lib /pdb:cmTC_1acfe.pdb /version:0.0 /machine:x64 /debug /INCREMENTAL /subsystem:console pthreads.lib kernel32.lib user32.lib gdi32.lib winspool.lib shell32.lib ole32.lib oleaut32.lib uuid.lib comdlg32.lib advapi32.lib /MANIFEST /MANIFESTFILE:CMakeFiles\cmTC_1acfe.dir/intermediate.manifest CMakeFiles\cmTC_1acfe.dir/manifest.res" failed (exit code 1104) with the following output:
LINK : fatal error LNK1104: 无法打开文件“pthreads.lib”
ninja: build stopped: subcommand failed.



Determining if the function pthread_create exists in the pthread failed with the following output:
Change Dir: D:/WORK/build-CADBuilder-Desktop_Qt_5_12_9_MSVC2017_64bit-Release/CMakeFiles/CMakeTmp

Run Build Command(s):E:/Program Files/Microsoft Visual Studio/2022/Community/Common7/IDE/CommonExtensions/Microsoft/CMake/Ninja/ninja.exe cmTC_1251c && [1/2] Building CXX object CMakeFiles\cmTC_1251c.dir\CheckFunctionExists.cxx.obj
[2/2] Linking CXX executable cmTC_1251c.exe
FAILED: cmTC_1251c.exe 
cmd.exe /C "cd . && E:\QT\Tools\CMake_64\bin\cmake.exe -E vs_link_exe --intdir=CMakeFiles\cmTC_1251c.dir --rc=C:\PROGRA~2\WI3CF2~1\10\bin\100226~1.0\x64\rc.exe --mt=C:\PROGRA~2\WI3CF2~1\10\bin\100226~1.0\x64\mt.exe --manifests  -- "E:\Program Files\Microsoft Visual Studio\2022\Community\VC\Tools\MSVC\14.38.33130\bin\Hostx64\x64\link.exe" /nologo CMakeFiles\cmTC_1251c.dir\CheckFunctionExists.cxx.obj  /out:cmTC_1251c.exe /implib:cmTC_1251c.lib /pdb:cmTC_1251c.pdb /version:0.0 /machine:x64  /debug /INCREMENTAL /subsystem:console  pthread.lib  kernel32.lib user32.lib gdi32.lib winspool.lib shell32.lib ole32.lib oleaut32.lib uuid.lib comdlg32.lib advapi32.lib && cd ."
LINK Pass 1: command "E:\Program Files\Microsoft Visual Studio\2022\Community\VC\Tools\MSVC\14.38.33130\bin\Hostx64\x64\link.exe /nologo CMakeFiles\cmTC_1251c.dir\CheckFunctionExists.cxx.obj /out:cmTC_1251c.exe /implib:cmTC_1251c.lib /pdb:cmTC_1251c.pdb /version:0.0 /machine:x64 /debug /INCREMENTAL /subsystem:console pthread.lib kernel32.lib user32.lib gdi32.lib winspool.lib shell32.lib ole32.lib oleaut32.lib uuid.lib comdlg32.lib advapi32.lib /MANIFEST /MANIFESTFILE:CMakeFiles\cmTC_1251c.dir/intermediate.manifest CMakeFiles\cmTC_1251c.dir/manifest.res" failed (exit code 1104) with the following output:
LINK : fatal error LNK1104: 无法打开文件“pthread.lib”
ninja: build stopped: subcommand failed.



